<?xml version="1.0" encoding="UTF-8"?>
<!-- Generated by org.testng.reporters.JUnitXMLReporter -->
<testsuite hostname="DESKTOP-3SV5GMJ" ignored="3" name="LoginIntoSite" tests="1" failures="0" timestamp="2018-10-16T09:06:24 IST" time="12.826" errors="0">
  <testcase name="firstTest" time="8.325" classname="com.learning.tests.FirstTest"/>
  <testcase name="negativeLoginTestWithDataProvivder" time="0.0" classname="com.learning.tests.FirstTest">
    <ignored/>
  </testcase> <!-- negativeLoginTestWithDataProvivder -->
  <testcase name="differentBrowserBehaviourTest" time="0.0" classname="com.learning.tests.FirstTest">
    <ignored/>
  </testcase> <!-- differentBrowserBehaviourTest -->
  <testcase name="negativeLoginTestWithCSV" time="0.0" classname="com.learning.tests.FirstTest">
    <ignored/>
  </testcase> <!-- negativeLoginTestWithCSV -->
</testsuite> <!-- LoginIntoSite -->
